  paladog.cpp
d:\2018_1\윈도우 프로그래밍\기말텀프\paladog\paladog\paladog.cpp(57): warning C4244: '초기화 중': 'int'에서 'float'(으)로 변환하면서 데이터가 손실될 수 있습니다.
d:\2018_1\윈도우 프로그래밍\기말텀프\paladog\paladog\paladog.cpp(582): warning C4244: '인수': 'float'에서 'int'(으)로 변환하면서 데이터가 손실될 수 있습니다.
d:\2018_1\윈도우 프로그래밍\기말텀프\paladog\paladog\paladog.cpp(604): warning C4244: '인수': 'float'에서 'int'(으)로 변환하면서 데이터가 손실될 수 있습니다.
d:\2018_1\윈도우 프로그래밍\기말텀프\paladog\paladog\paladog.cpp(619): warning C4244: '인수': 'float'에서 'int'(으)로 변환하면서 데이터가 손실될 수 있습니다.
d:\2018_1\윈도우 프로그래밍\기말텀프\paladog\paladog\paladog.cpp(639): warning C4244: '인수': 'float'에서 'int'(으)로 변환하면서 데이터가 손실될 수 있습니다.
d:\2018_1\윈도우 프로그래밍\기말텀프\paladog\paladog\paladog.cpp(654): warning C4244: '인수': 'float'에서 'int'(으)로 변환하면서 데이터가 손실될 수 있습니다.
d:\2018_1\윈도우 프로그래밍\기말텀프\paladog\paladog\paladog.cpp(677): warning C4552: '<=': 식의 결과가 사용되지 않습니다.
d:\2018_1\윈도우 프로그래밍\기말텀프\paladog\paladog\paladog.cpp(695): warning C4244: '인수': 'double'에서 'int'(으)로 변환하면서 데이터가 손실될 수 있습니다.
d:\2018_1\윈도우 프로그래밍\기말텀프\paladog\paladog\paladog.cpp(749): warning C4244: '인수': 'float'에서 'int'(으)로 변환하면서 데이터가 손실될 수 있습니다.
d:\2018_1\윈도우 프로그래밍\기말텀프\paladog\paladog\paladog.cpp(315): warning C4996: 'fopen': This function or variable may be unsafe. Consider using fopen_s instead. To disable deprecation, use _CRT_SECURE_NO_WARNINGS. See online help for details.
  c:\program files (x86)\windows kits\10\include\10.0.17134.0\ucrt\stdio.h(208): note: 'fopen' 선언을 참조하십시오.
d:\2018_1\윈도우 프로그래밍\기말텀프\paladog\paladog\paladog.cpp(316): warning C4996: 'fscanf': This function or variable may be unsafe. Consider using fscanf_s instead. To disable deprecation, use _CRT_SECURE_NO_WARNINGS. See online help for details.
  c:\program files (x86)\windows kits\10\include\10.0.17134.0\ucrt\stdio.h(1197): note: 'fscanf' 선언을 참조하십시오.
d:\2018_1\윈도우 프로그래밍\기말텀프\paladog\paladog\paladog.cpp(1475): warning C4996: 'fopen': This function or variable may be unsafe. Consider using fopen_s instead. To disable deprecation, use _CRT_SECURE_NO_WARNINGS. See online help for details.
  c:\program files (x86)\windows kits\10\include\10.0.17134.0\ucrt\stdio.h(208): note: 'fopen' 선언을 참조하십시오.
  코드를 생성하고 있습니다.
  550 of 550 functions (100.0%) were compiled.
    129 functions were new in current compilation
    0 functions had inline decision re-evaluated but remain unchanged
  코드를 생성했습니다.
  paladog.vcxproj -> D:\2018_1\윈도우 프로그래밍\기말텀프\paladog\Release\paladog.exe
