  3_1.cpp
c:\users\태균\desktop\2018_1\윈도우 프로그래밍\과제\3_1\3_1\3_1.cpp(62): error C2065: 'wParam': 선언되지 않은 식별자입니다.
c:\users\태균\desktop\2018_1\윈도우 프로그래밍\과제\3_1\3_1\3_1.cpp(62): error C2050: switch 식이 정수 계열이 아닙니다.
c:\users\태균\desktop\2018_1\윈도우 프로그래밍\과제\3_1\3_1\3_1.cpp(167): error C2059: 구문 오류: 'break'
c:\users\태균\desktop\2018_1\윈도우 프로그래밍\과제\3_1\3_1\3_1.cpp(194): error C2065: 'check': 선언되지 않은 식별자입니다.
c:\users\태균\desktop\2018_1\윈도우 프로그래밍\과제\3_1\3_1\3_1.cpp(197): error C2065: 'check': 선언되지 않은 식별자입니다.
c:\users\태균\desktop\2018_1\윈도우 프로그래밍\과제\3_1\3_1\3_1.cpp(200): error C2065: 'check': 선언되지 않은 식별자입니다.
c:\users\태균\desktop\2018_1\윈도우 프로그래밍\과제\3_1\3_1\3_1.cpp(203): error C2065: 'check': 선언되지 않은 식별자입니다.
c:\users\태균\desktop\2018_1\윈도우 프로그래밍\과제\3_1\3_1\3_1.cpp(230): error C2065: 'check': 선언되지 않은 식별자입니다.
c:\users\태균\desktop\2018_1\윈도우 프로그래밍\과제\3_1\3_1\3_1.cpp(230): error C2050: switch 식이 정수 계열이 아닙니다.
c:\users\태균\desktop\2018_1\윈도우 프로그래밍\과제\3_1\3_1\3_1.cpp(232): error C2065: 'y': 선언되지 않은 식별자입니다.
c:\users\태균\desktop\2018_1\윈도우 프로그래밍\과제\3_1\3_1\3_1.cpp(233): error C2065: 'y': 선언되지 않은 식별자입니다.
c:\users\태균\desktop\2018_1\윈도우 프로그래밍\과제\3_1\3_1\3_1.cpp(234): error C2065: 'y': 선언되지 않은 식별자입니다.
c:\users\태균\desktop\2018_1\윈도우 프로그래밍\과제\3_1\3_1\3_1.cpp(235): error C2065: 'check': 선언되지 않은 식별자입니다.
c:\users\태균\desktop\2018_1\윈도우 프로그래밍\과제\3_1\3_1\3_1.cpp(242): error C2065: 'y': 선언되지 않은 식별자입니다.
c:\users\태균\desktop\2018_1\윈도우 프로그래밍\과제\3_1\3_1\3_1.cpp(243): error C2065: 'y': 선언되지 않은 식별자입니다.
c:\users\태균\desktop\2018_1\윈도우 프로그래밍\과제\3_1\3_1\3_1.cpp(244): error C2065: 'y': 선언되지 않은 식별자입니다.
c:\users\태균\desktop\2018_1\윈도우 프로그래밍\과제\3_1\3_1\3_1.cpp(245): error C2065: 'check': 선언되지 않은 식별자입니다.
c:\users\태균\desktop\2018_1\윈도우 프로그래밍\과제\3_1\3_1\3_1.cpp(252): error C2065: 'x': 선언되지 않은 식별자입니다.
c:\users\태균\desktop\2018_1\윈도우 프로그래밍\과제\3_1\3_1\3_1.cpp(253): error C2065: 'x': 선언되지 않은 식별자입니다.
c:\users\태균\desktop\2018_1\윈도우 프로그래밍\과제\3_1\3_1\3_1.cpp(254): error C2065: 'x': 선언되지 않은 식별자입니다.
c:\users\태균\desktop\2018_1\윈도우 프로그래밍\과제\3_1\3_1\3_1.cpp(255): error C2065: 'check': 선언되지 않은 식별자입니다.
c:\users\태균\desktop\2018_1\윈도우 프로그래밍\과제\3_1\3_1\3_1.cpp(262): error C2065: 'x': 선언되지 않은 식별자입니다.
c:\users\태균\desktop\2018_1\윈도우 프로그래밍\과제\3_1\3_1\3_1.cpp(263): error C2065: 'x': 선언되지 않은 식별자입니다.
c:\users\태균\desktop\2018_1\윈도우 프로그래밍\과제\3_1\3_1\3_1.cpp(264): error C2065: 'x': 선언되지 않은 식별자입니다.
c:\users\태균\desktop\2018_1\윈도우 프로그래밍\과제\3_1\3_1\3_1.cpp(265): error C2065: 'check': 선언되지 않은 식별자입니다.
c:\users\태균\desktop\2018_1\윈도우 프로그래밍\과제\3_1\3_1\3_1.cpp(274): error C2065: 'check': 선언되지 않은 식별자입니다.
c:\users\태균\desktop\2018_1\윈도우 프로그래밍\과제\3_1\3_1\3_1.cpp(274): error C2050: switch 식이 정수 계열이 아닙니다.
c:\users\태균\desktop\2018_1\윈도우 프로그래밍\과제\3_1\3_1\3_1.cpp(278): error C2065: 'x': 선언되지 않은 식별자입니다.
c:\users\태균\desktop\2018_1\윈도우 프로그래밍\과제\3_1\3_1\3_1.cpp(279): error C2065: 'x': 선언되지 않은 식별자입니다.
c:\users\태균\desktop\2018_1\윈도우 프로그래밍\과제\3_1\3_1\3_1.cpp(282): error C2065: 'x': 선언되지 않은 식별자입니다.
c:\users\태균\desktop\2018_1\윈도우 프로그래밍\과제\3_1\3_1\3_1.cpp(283): error C2065: 'x': 선언되지 않은 식별자입니다.
c:\users\태균\desktop\2018_1\윈도우 프로그래밍\과제\3_1\3_1\3_1.cpp(289): error C2065: 'x': 선언되지 않은 식별자입니다.
c:\users\태균\desktop\2018_1\윈도우 프로그래밍\과제\3_1\3_1\3_1.cpp(290): error C2065: 'x': 선언되지 않은 식별자입니다.
c:\users\태균\desktop\2018_1\윈도우 프로그래밍\과제\3_1\3_1\3_1.cpp(291): error C2065: 'move': 선언되지 않은 식별자입니다.
c:\users\태균\desktop\2018_1\윈도우 프로그래밍\과제\3_1\3_1\3_1.cpp(294): error C2065: 'x': 선언되지 않은 식별자입니다.
c:\users\태균\desktop\2018_1\윈도우 프로그래밍\과제\3_1\3_1\3_1.cpp(295): error C2065: 'x': 선언되지 않은 식별자입니다.
c:\users\태균\desktop\2018_1\윈도우 프로그래밍\과제\3_1\3_1\3_1.cpp(296): error C2065: 'move': 선언되지 않은 식별자입니다.
c:\users\태균\desktop\2018_1\윈도우 프로그래밍\과제\3_1\3_1\3_1.cpp(307): error C2065: 'y': 선언되지 않은 식별자입니다.
c:\users\태균\desktop\2018_1\윈도우 프로그래밍\과제\3_1\3_1\3_1.cpp(308): error C2065: 'y': 선언되지 않은 식별자입니다.
c:\users\태균\desktop\2018_1\윈도우 프로그래밍\과제\3_1\3_1\3_1.cpp(311): error C2065: 'y': 선언되지 않은 식별자입니다.
c:\users\태균\desktop\2018_1\윈도우 프로그래밍\과제\3_1\3_1\3_1.cpp(312): error C2065: 'y': 선언되지 않은 식별자입니다.
c:\users\태균\desktop\2018_1\윈도우 프로그래밍\과제\3_1\3_1\3_1.cpp(318): error C2065: 'y': 선언되지 않은 식별자입니다.
c:\users\태균\desktop\2018_1\윈도우 프로그래밍\과제\3_1\3_1\3_1.cpp(319): error C2065: 'y': 선언되지 않은 식별자입니다.
c:\users\태균\desktop\2018_1\윈도우 프로그래밍\과제\3_1\3_1\3_1.cpp(320): error C2065: 'move': 선언되지 않은 식별자입니다.
c:\users\태균\desktop\2018_1\윈도우 프로그래밍\과제\3_1\3_1\3_1.cpp(323): error C2065: 'y': 선언되지 않은 식별자입니다.
c:\users\태균\desktop\2018_1\윈도우 프로그래밍\과제\3_1\3_1\3_1.cpp(324): error C2065: 'y': 선언되지 않은 식별자입니다.
c:\users\태균\desktop\2018_1\윈도우 프로그래밍\과제\3_1\3_1\3_1.cpp(325): error C2065: 'move': 선언되지 않은 식별자입니다.
