  02.cpp
c:\users\태균\desktop\2018_1\윈도우 프로그래밍\과제\8-3\02.cpp(94): warning C4996: 'fopen': This function or variable may be unsafe. Consider using fopen_s instead. To disable deprecation, use _CRT_SECURE_NO_WARNINGS. See online help for details.
  c:\program files (x86)\windows kits\10\include\10.0.17134.0\ucrt\stdio.h(208): note: 'fopen' 선언을 참조하십시오.
c:\users\태균\desktop\2018_1\윈도우 프로그래밍\과제\8-3\02.cpp(95): warning C4996: 'fscanf': This function or variable may be unsafe. Consider using fscanf_s instead. To disable deprecation, use _CRT_SECURE_NO_WARNINGS. See online help for details.
  c:\program files (x86)\windows kits\10\include\10.0.17134.0\ucrt\stdio.h(1197): note: 'fscanf' 선언을 참조하십시오.
c:\users\태균\desktop\2018_1\윈도우 프로그래밍\과제\8-3\02.cpp(96): warning C4996: 'fscanf': This function or variable may be unsafe. Consider using fscanf_s instead. To disable deprecation, use _CRT_SECURE_NO_WARNINGS. See online help for details.
  c:\program files (x86)\windows kits\10\include\10.0.17134.0\ucrt\stdio.h(1197): note: 'fscanf' 선언을 참조하십시오.
c:\users\태균\desktop\2018_1\윈도우 프로그래밍\과제\8-3\02.cpp(97): warning C4996: 'fscanf': This function or variable may be unsafe. Consider using fscanf_s instead. To disable deprecation, use _CRT_SECURE_NO_WARNINGS. See online help for details.
  c:\program files (x86)\windows kits\10\include\10.0.17134.0\ucrt\stdio.h(1197): note: 'fscanf' 선언을 참조하십시오.
c:\users\태균\desktop\2018_1\윈도우 프로그래밍\과제\8-3\02.cpp(98): warning C4996: 'fscanf': This function or variable may be unsafe. Consider using fscanf_s instead. To disable deprecation, use _CRT_SECURE_NO_WARNINGS. See online help for details.
  c:\program files (x86)\windows kits\10\include\10.0.17134.0\ucrt\stdio.h(1197): note: 'fscanf' 선언을 참조하십시오.
c:\users\태균\desktop\2018_1\윈도우 프로그래밍\과제\8-3\02.cpp(99): warning C4996: 'fscanf': This function or variable may be unsafe. Consider using fscanf_s instead. To disable deprecation, use _CRT_SECURE_NO_WARNINGS. See online help for details.
  c:\program files (x86)\windows kits\10\include\10.0.17134.0\ucrt\stdio.h(1197): note: 'fscanf' 선언을 참조하십시오.
c:\users\태균\desktop\2018_1\윈도우 프로그래밍\과제\8-3\02.cpp(100): warning C4996: 'fscanf': This function or variable may be unsafe. Consider using fscanf_s instead. To disable deprecation, use _CRT_SECURE_NO_WARNINGS. See online help for details.
  c:\program files (x86)\windows kits\10\include\10.0.17134.0\ucrt\stdio.h(1197): note: 'fscanf' 선언을 참조하십시오.
c:\users\태균\desktop\2018_1\윈도우 프로그래밍\과제\8-3\02.cpp(101): warning C4996: 'fscanf': This function or variable may be unsafe. Consider using fscanf_s instead. To disable deprecation, use _CRT_SECURE_NO_WARNINGS. See online help for details.
  c:\program files (x86)\windows kits\10\include\10.0.17134.0\ucrt\stdio.h(1197): note: 'fscanf' 선언을 참조하십시오.
c:\users\태균\desktop\2018_1\윈도우 프로그래밍\과제\8-3\02.cpp(102): warning C4477: 'fscanf' : 서식 문자열 '%d'에 'int *' 형식의 인수가 필요하지만 variadic 인수 1의 형식이 'bool *'입니다.
c:\users\태균\desktop\2018_1\윈도우 프로그래밍\과제\8-3\02.cpp(102): warning C4996: 'fscanf': This function or variable may be unsafe. Consider using fscanf_s instead. To disable deprecation, use _CRT_SECURE_NO_WARNINGS. See online help for details.
  c:\program files (x86)\windows kits\10\include\10.0.17134.0\ucrt\stdio.h(1197): note: 'fscanf' 선언을 참조하십시오.
c:\users\태균\desktop\2018_1\윈도우 프로그래밍\과제\8-3\02.cpp(103): warning C4477: 'fscanf' : 서식 문자열 '%d'에 'int *' 형식의 인수가 필요하지만 variadic 인수 1의 형식이 'bool *'입니다.
c:\users\태균\desktop\2018_1\윈도우 프로그래밍\과제\8-3\02.cpp(103): warning C4996: 'fscanf': This function or variable may be unsafe. Consider using fscanf_s instead. To disable deprecation, use _CRT_SECURE_NO_WARNINGS. See online help for details.
  c:\program files (x86)\windows kits\10\include\10.0.17134.0\ucrt\stdio.h(1197): note: 'fscanf' 선언을 참조하십시오.
c:\users\태균\desktop\2018_1\윈도우 프로그래밍\과제\8-3\02.cpp(104): warning C4477: 'fscanf' : 서식 문자열 '%d'에 'int *' 형식의 인수가 필요하지만 variadic 인수 1의 형식이 'bool *'입니다.
c:\users\태균\desktop\2018_1\윈도우 프로그래밍\과제\8-3\02.cpp(104): warning C4996: 'fscanf': This function or variable may be unsafe. Consider using fscanf_s instead. To disable deprecation, use _CRT_SECURE_NO_WARNINGS. See online help for details.
  c:\program files (x86)\windows kits\10\include\10.0.17134.0\ucrt\stdio.h(1197): note: 'fscanf' 선언을 참조하십시오.
c:\users\태균\desktop\2018_1\윈도우 프로그래밍\과제\8-3\02.cpp(105): warning C4477: 'fscanf' : 서식 문자열 '%d'에 'int *' 형식의 인수가 필요하지만 variadic 인수 1의 형식이 'bool *'입니다.
c:\users\태균\desktop\2018_1\윈도우 프로그래밍\과제\8-3\02.cpp(105): warning C4996: 'fscanf': This function or variable may be unsafe. Consider using fscanf_s instead. To disable deprecation, use _CRT_SECURE_NO_WARNINGS. See online help for details.
  c:\program files (x86)\windows kits\10\include\10.0.17134.0\ucrt\stdio.h(1197): note: 'fscanf' 선언을 참조하십시오.
c:\users\태균\desktop\2018_1\윈도우 프로그래밍\과제\8-3\02.cpp(106): warning C4477: 'fscanf' : 서식 문자열 '%d'에 'int *' 형식의 인수가 필요하지만 variadic 인수 1의 형식이 'bool *'입니다.
c:\users\태균\desktop\2018_1\윈도우 프로그래밍\과제\8-3\02.cpp(106): warning C4996: 'fscanf': This function or variable may be unsafe. Consider using fscanf_s instead. To disable deprecation, use _CRT_SECURE_NO_WARNINGS. See online help for details.
  c:\program files (x86)\windows kits\10\include\10.0.17134.0\ucrt\stdio.h(1197): note: 'fscanf' 선언을 참조하십시오.
c:\users\태균\desktop\2018_1\윈도우 프로그래밍\과제\8-3\02.cpp(107): warning C4996: 'fscanf': This function or variable may be unsafe. Consider using fscanf_s instead. To disable deprecation, use _CRT_SECURE_NO_WARNINGS. See online help for details.
  c:\program files (x86)\windows kits\10\include\10.0.17134.0\ucrt\stdio.h(1197): note: 'fscanf' 선언을 참조하십시오.
c:\users\태균\desktop\2018_1\윈도우 프로그래밍\과제\8-3\02.cpp(108): warning C4996: 'fscanf': This function or variable may be unsafe. Consider using fscanf_s instead. To disable deprecation, use _CRT_SECURE_NO_WARNINGS. See online help for details.
  c:\program files (x86)\windows kits\10\include\10.0.17134.0\ucrt\stdio.h(1197): note: 'fscanf' 선언을 참조하십시오.
c:\users\태균\desktop\2018_1\윈도우 프로그래밍\과제\8-3\02.cpp(109): warning C4996: 'fscanf': This function or variable may be unsafe. Consider using fscanf_s instead. To disable deprecation, use _CRT_SECURE_NO_WARNINGS. See online help for details.
  c:\program files (x86)\windows kits\10\include\10.0.17134.0\ucrt\stdio.h(1197): note: 'fscanf' 선언을 참조하십시오.
c:\users\태균\desktop\2018_1\윈도우 프로그래밍\과제\8-3\02.cpp(110): warning C4996: 'fscanf': This function or variable may be unsafe. Consider using fscanf_s instead. To disable deprecation, use _CRT_SECURE_NO_WARNINGS. See online help for details.
  c:\program files (x86)\windows kits\10\include\10.0.17134.0\ucrt\stdio.h(1197): note: 'fscanf' 선언을 참조하십시오.
c:\users\태균\desktop\2018_1\윈도우 프로그래밍\과제\8-3\02.cpp(111): warning C4477: 'fscanf' : 서식 문자열 '%d'에 'int *' 형식의 인수가 필요하지만 variadic 인수 1의 형식이 'bool *'입니다.
c:\users\태균\desktop\2018_1\윈도우 프로그래밍\과제\8-3\02.cpp(111): warning C4996: 'fscanf': This function or variable may be unsafe. Consider using fscanf_s instead. To disable deprecation, use _CRT_SECURE_NO_WARNINGS. See online help for details.
  c:\program files (x86)\windows kits\10\include\10.0.17134.0\ucrt\stdio.h(1197): note: 'fscanf' 선언을 참조하십시오.
c:\users\태균\desktop\2018_1\윈도우 프로그래밍\과제\8-3\02.cpp(114): warning C4996: 'fscanf': This function or variable may be unsafe. Consider using fscanf_s instead. To disable deprecation, use _CRT_SECURE_NO_WARNINGS. See online help for details.
  c:\program files (x86)\windows kits\10\include\10.0.17134.0\ucrt\stdio.h(1197): note: 'fscanf' 선언을 참조하십시오.
c:\users\태균\desktop\2018_1\윈도우 프로그래밍\과제\8-3\02.cpp(119): warning C4996: 'fscanf': This function or variable may be unsafe. Consider using fscanf_s instead. To disable deprecation, use _CRT_SECURE_NO_WARNINGS. See online help for details.
  c:\program files (x86)\windows kits\10\include\10.0.17134.0\ucrt\stdio.h(1197): note: 'fscanf' 선언을 참조하십시오.
c:\users\태균\desktop\2018_1\윈도우 프로그래밍\과제\8-3\02.cpp(128): warning C4996: 'fopen': This function or variable may be unsafe. Consider using fopen_s instead. To disable deprecation, use _CRT_SECURE_NO_WARNINGS. See online help for details.
  c:\program files (x86)\windows kits\10\include\10.0.17134.0\ucrt\stdio.h(208): note: 'fopen' 선언을 참조하십시오.
c:\users\태균\desktop\2018_1\윈도우 프로그래밍\과제\8-3\02.cpp(342): warning C4996: 'fopen': This function or variable may be unsafe. Consider using fopen_s instead. To disable deprecation, use _CRT_SECURE_NO_WARNINGS. See online help for details.
  c:\program files (x86)\windows kits\10\include\10.0.17134.0\ucrt\stdio.h(208): note: 'fopen' 선언을 참조하십시오.
c:\users\태균\desktop\2018_1\윈도우 프로그래밍\과제\8-3\02.cpp(344): warning C4477: 'fscanf' : 서식 문자열 '%d'에 'int *' 형식의 인수가 필요하지만 variadic 인수 1의 형식이 'char *'입니다.
  c:\users\태균\desktop\2018_1\윈도우 프로그래밍\과제\8-3\02.cpp(344): note: 서식 문자열에서 '%hhd'을(를) 사용하는 것이 좋습니다.
c:\users\태균\desktop\2018_1\윈도우 프로그래밍\과제\8-3\02.cpp(344): warning C4996: 'fscanf': This function or variable may be unsafe. Consider using fscanf_s instead. To disable deprecation, use _CRT_SECURE_NO_WARNINGS. See online help for details.
  c:\program files (x86)\windows kits\10\include\10.0.17134.0\ucrt\stdio.h(1197): note: 'fscanf' 선언을 참조하십시오.
c:\users\태균\desktop\2018_1\윈도우 프로그래밍\과제\8-3\02.cpp(346): warning C4996: 'fscanf': This function or variable may be unsafe. Consider using fscanf_s instead. To disable deprecation, use _CRT_SECURE_NO_WARNINGS. See online help for details.
  c:\program files (x86)\windows kits\10\include\10.0.17134.0\ucrt\stdio.h(1197): note: 'fscanf' 선언을 참조하십시오.
c:\users\태균\desktop\2018_1\윈도우 프로그래밍\과제\8-3\02.cpp(351): warning C4996: 'fopen': This function or variable may be unsafe. Consider using fopen_s instead. To disable deprecation, use _CRT_SECURE_NO_WARNINGS. See online help for details.
  c:\program files (x86)\windows kits\10\include\10.0.17134.0\ucrt\stdio.h(208): note: 'fopen' 선언을 참조하십시오.
c:\users\태균\desktop\2018_1\윈도우 프로그래밍\과제\8-3\02.cpp(397): warning C4996: 'itoa': The POSIX name for this item is deprecated. Instead, use the ISO C and C++ conformant name: _itoa. See online help for details.
  c:\program files (x86)\windows kits\10\include\10.0.17134.0\ucrt\stdlib.h(1323): note: 'itoa' 선언을 참조하십시오.
c:\users\태균\desktop\2018_1\윈도우 프로그래밍\과제\8-3\02.cpp(399): warning C4996: 'itoa': The POSIX name for this item is deprecated. Instead, use the ISO C and C++ conformant name: _itoa. See online help for details.
  c:\program files (x86)\windows kits\10\include\10.0.17134.0\ucrt\stdlib.h(1323): note: 'itoa' 선언을 참조하십시오.
c:\users\태균\desktop\2018_1\윈도우 프로그래밍\과제\8-3\02.cpp(401): warning C4996: 'itoa': The POSIX name for this item is deprecated. Instead, use the ISO C and C++ conformant name: _itoa. See online help for details.
  c:\program files (x86)\windows kits\10\include\10.0.17134.0\ucrt\stdlib.h(1323): note: 'itoa' 선언을 참조하십시오.
c:\users\태균\desktop\2018_1\윈도우 프로그래밍\과제\8-3\02.cpp(403): warning C4996: 'itoa': The POSIX name for this item is deprecated. Instead, use the ISO C and C++ conformant name: _itoa. See online help for details.
  c:\program files (x86)\windows kits\10\include\10.0.17134.0\ucrt\stdlib.h(1323): note: 'itoa' 선언을 참조하십시오.
c:\users\태균\desktop\2018_1\윈도우 프로그래밍\과제\8-3\02.cpp(330): warning C4101: 'hdc' :참조되지 않은 지역 변수입니다.
c:\users\태균\desktop\2018_1\윈도우 프로그래밍\과제\8-3\02.cpp(331): warning C4101: 'ps' :참조되지 않은 지역 변수입니다.
  Exec02.vcxproj -> C:\Users\태균\Desktop\2018_1\윈도우 프로그래밍\과제\8-3\Debug\Exec02.exe
